<?xml version="1.0" encoding="UTF-8"?>
<!-- Generated by org.testng.reporters.JUnitReportReporter -->
<testsuite skipped="0" hostname="hp" name="com.java.tests.StringAnagramTest" tests="2" failures="0" timestamp="15 Sep 2018 02:51:08 GMT" time="0.033" errors="0">
  <testcase name="testIsAnagramInvalidCredintials" time="0.029" classname="com.java.tests.StringAnagramTest"/>
  <testcase name="testIsAnagramValidCredintials" time="0.004" classname="com.java.tests.StringAnagramTest"/>
</testsuite> <!-- com.java.tests.StringAnagramTest -->
